<?xml version="1.0" encoding="UTF-8"?>
<coverage generated="1679066932153" clover="3.2.0">
  <project timestamp="1679066932153" name="All files">
    <metrics statements="16" coveredstatements="16" conditionals="6" coveredconditionals="5" methods="12" coveredmethods="12" elements="34" coveredelements="33" complexity="0" loc="16" ncloc="16" packages="2" files="2" classes="2"/>
    <package name="Modules">
      <metrics statements="15" coveredstatements="15" conditionals="6" coveredconditionals="5" methods="11" coveredmethods="11"/>
      <file name="display.js" path="C:\Microverse All\Microverse New\JS capstone\Module2-Capstone\src\Modules\display.js">
        <metrics statements="15" coveredstatements="15" conditionals="6" coveredconditionals="5" methods="11" coveredmethods="11"/>
        <line num="3" count="11" type="stmt"/>
        <line num="7" count="17" type="stmt"/>
        <line num="15" count="1" type="stmt"/>
        <line num="16" count="2" type="stmt"/>
        <line num="21" count="5" type="cond" truecount="1" falsecount="1"/>
        <line num="22" count="5" type="stmt"/>
        <line num="27" count="7" type="cond" truecount="2" falsecount="0"/>
        <line num="31" count="3" type="stmt"/>
        <line num="32" count="3" type="cond" truecount="2" falsecount="0"/>
        <line num="33" count="2" type="stmt"/>
        <line num="35" count="1" type="stmt"/>
        <line num="39" count="2" type="stmt"/>
        <line num="43" count="2" type="stmt"/>
        <line num="47" count="2" type="stmt"/>
        <line num="51" count="2" type="stmt"/>
      </file>
    </package>
    <package name="__Mock__">
      <metrics statements="1" coveredstatements="1" conditionals="0" coveredconditionals="0" methods="1" coveredmethods="1"/>
      <file name="mockapi.js" path="C:\Microverse All\Microverse New\JS capstone\Module2-Capstone\src\__Mock__\mockapi.js">
        <metrics statements="1" coveredstatements="1" conditionals="0" coveredconditionals="0" methods="1" coveredmethods="1"/>
        <line num="2" count="3" type="stmt"/>
      </file>
    </package>
  </project>
</coverage>
