{"C:\\Users\\helda\\OneDrive\\Desktop\\Module2-Capstone\\src\\__Mock__\\mockapi.js": {"path":"C:\\Users\\helda\\OneDrive\\Desktop\\Module2-Capstone\\src\\__Mock__\\mockapi.js","statementMap":{"0":{"start":{"line":2,"column":2},"end":{"line":20,"column":5}}},"fnMap":{"0":{"name":"getMealData","decl":{"start":{"line":1,"column":9},"end":{"line":1,"column":20}},"loc":{"start":{"line":1,"column":23},"end":{"line":21,"column":1}},"line":1}},"branchMap":{},"s":{"0":3},"f":{"0":3},"b":{},"_coverageSchema":"1a1c01bbd47fc00a2c39e90264f33305004495a9","hash":"bef5879f4a1cf0e102f8b0c601fc23869dd8a4f9"}
}
