TN:
SF:src\Modules\display.js
FN:2,(anonymous_0)
FN:6,(anonymous_1)
FN:14,(anonymous_2)
FN:15,(anonymous_3)
FN:20,(anonymous_4)
FN:26,(anonymous_5)
FN:30,(anonymous_6)
FN:38,(anonymous_7)
FN:42,(anonymous_8)
FN:46,(anonymous_9)
FN:50,(anonymous_10)
FNF:11
FNH:11
FNDA:11,(anonymous_0)
FNDA:17,(anonymous_1)
FNDA:1,(anonymous_2)
FNDA:2,(anonymous_3)
FNDA:5,(anonymous_4)
FNDA:7,(anonymous_5)
FNDA:3,(anonymous_6)
FNDA:2,(anonymous_7)
FNDA:2,(anonymous_8)
FNDA:2,(anonymous_9)
FNDA:2,(anonymous_10)
DA:3,11
DA:7,17
DA:15,1
DA:16,2
DA:21,5
DA:22,5
DA:27,7
DA:31,3
DA:32,3
DA:33,2
DA:35,1
DA:39,2
DA:43,2
DA:47,2
DA:51,2
LF:15
LH:15
BRDA:21,0,0,5
BRDA:21,0,1,0
BRDA:27,1,0,7
BRDA:27,1,1,2
BRDA:32,2,0,2
BRDA:32,2,1,1
BRF:6
BRH:5
end_of_record
